<?xml version="1.0" encoding="UTF-8"?>
<!-- Generated by org.testng.reporters.JUnitXMLReporter -->
<testsuite hostname="WIN-QLT92MEOVH4" name="Default test" tests="5" failures="0" timestamp="3 Jul 2022 13:33:27 GMT" time="9.801" errors="0">
  <testcase name="postAGNAMANU" time="4.426" classname="restassured1.file"/>
  <testcase name="loginAGNAMANU" time="1.387" classname="restassured1.file"/>
  <testcase name="putAGNAMANU" time="1.31" classname="restassured1.file"/>
  <testcase name="deleteAGNAMANU" time="1.35" classname="restassured1.file"/>
  <testcase name="getAGNAMANU" time="1.301" classname="restassured1.file"/>
</testsuite> <!-- Default test -->
